{
  "RSpec": {
    "coverage": {
      "/Users/aniruddh/Projects/Makers/Week-10/bank-rb/spec/bank_spec.rb": {
        "lines": [
          1,
          null,
          1,
          4,
          1,
          1,
          1,
          1,
          1,
          null,
          null,
          null,
          null,
          1,
          1,
          1,
          1,
          1,
          null,
          null,
          null,
          null,
          1,
          1,
          1,
          1,
          1,
          1,
          null,
          null,
          null,
          null,
          null,
          1,
          1,
          4,
          null,
          null,
          null,
          1,
          1,
          1,
          4,
          null,
          null,
          null
        ]
      },
      "/Users/aniruddh/Projects/Makers/Week-10/bank-rb/lib/bank.rb": {
        "lines": [
          1,
          1,
          null,
          1,
          5,
          5,
          5,
          5,
          5,
          5,
          5,
          null,
          null,
          1,
          3,
          3,
          3,
          null,
          null,
          1,
          4,
          4,
          4,
          null,
          null,
          1,
          2,
          2,
          2,
          2,
          null,
          null,
          1,
          null,
          1,
          11,
          11,
          null,
          null,
          1,
          3,
          6,
          null,
          null,
          null
        ]
      }
    },
    "timestamp": 1617816932
  }
}
